This is XeTeX, Version 3.141592653-2.6-0.999993 (MiKTeX 21.8) (preloaded format=xelatex 2021.9.6)  22 NOV 2021 23:37
entering extended mode
**./estadistica_espacial.tex
(estadistica_espacial.tex
LaTeX2e <2021-06-01> patch level 1
L3 programming layer <2021-08-27> (C:\Program Files\MiKTeX 2.9\tex/latex/base\b
ook.cls
Document Class: book 2021/02/12 v1.4n Standard LaTeX document class
(C:\Program Files\MiKTeX 2.9\tex/latex/base\bk10.clo
File: bk10.clo 2021/02/12 v1.4n Standard LaTeX file (size option)
)
\c@part=\count178
\c@chapter=\count179
\c@section=\count180
\c@subsection=\count181
\c@subsubsection=\count182
\c@paragraph=\count183
\c@subparagraph=\count184
\c@figure=\count185
\c@table=\count186
\abovecaptionskip=\skip47
\belowcaptionskip=\skip48
\bibindent=\dimen138
) (C:\Program Files\MiKTeX 2.9\tex/latex/amsmath\amsmath.sty
Package: amsmath 2021/04/20 v2.17j AMS math features
\@mathmargin=\skip49
For additional information on amsmath, use the `?' option.
(C:\Program Files\MiKTeX 2.9\tex/latex/amsmath\amstext.sty
Package: amstext 2000/06/29 v2.01 AMS text
(C:\Program Files\MiKTeX 2.9\tex/latex/amsmath\amsgen.sty
File: amsgen.sty 1999/11/30 v2.0 generic functions
\@emptytoks=\toks16
\ex@=\dimen139
)) (C:\Program Files\MiKTeX 2.9\tex/latex/amsmath\amsbsy.sty
Package: amsbsy 1999/11/29 v1.2d Bold Symbols
\pmbraise@=\dimen140
) (C:\Program Files\MiKTeX 2.9\tex/latex/amsmath\amsopn.sty
Package: amsopn 2016/03/08 v2.02 operator names
)
\inf@bad=\count187
LaTeX Info: Redefining \frac on input line 234.
\uproot@=\count188
\leftroot@=\count189
LaTeX Info: Redefining \overline on input line 399.
\classnum@=\count190
\DOTSCASE@=\count191
LaTeX Info: Redefining \ldots on input line 496.
LaTeX Info: Redefining \dots on input line 499.
LaTeX Info: Redefining \cdots on input line 620.
\Mathstrutbox@=\box50
\strutbox@=\box51
\big@size=\dimen141
LaTeX Font Info:    Redeclaring font encoding OML on input line 743.
LaTeX Font Info:    Redeclaring font encoding OMS on input line 744.
\macc@depth=\count192
\c@MaxMatrixCols=\count193
\dotsspace@=\muskip16
\c@parentequation=\count194
\dspbrk@lvl=\count195
\tag@help=\toks17
\row@=\count196
\column@=\count197
\maxfields@=\count198
\andhelp@=\toks18
\eqnshift@=\dimen142
\alignsep@=\dimen143
\tagshift@=\dimen144
\tagwidth@=\dimen145
\totwidth@=\dimen146
\lineht@=\dimen147
\@envbody=\toks19
\multlinegap=\skip50
\multlinetaggap=\skip51
\mathdisplay@stack=\toks20
LaTeX Info: Redefining \[ on input line 2923.
LaTeX Info: Redefining \] on input line 2924.
) (C:\Program Files\MiKTeX 2.9\tex/latex/amsfonts\amssymb.sty
Package: amssymb 2013/01/14 v3.01 AMS font symbols
(C:\Program Files\MiKTeX 2.9\tex/latex/amsfonts\amsfonts.sty
Package: amsfonts 2013/01/14 v3.01 Basic AMSFonts support
\symAMSa=\mathgroup4
\symAMSb=\mathgroup5
LaTeX Font Info:    Redeclaring math symbol \hbar on input line 98.
LaTeX Font Info:    Overwriting math alphabet `\mathfrak' in version `bold'
(Font)                  U/euf/m/n --> U/euf/b/n on input line 106.
)) (C:\Program Files\MiKTeX 2.9\tex/latex/lm\lmodern.sty
Package: lmodern 2009/10/30 v1.6 Latin Modern Fonts
LaTeX Font Info:    Overwriting symbol font `operators' in version `normal'
(Font)                  OT1/cmr/m/n --> OT1/lmr/m/n on input line 22.
LaTeX Font Info:    Overwriting symbol font `letters' in version `normal'
(Font)                  OML/cmm/m/it --> OML/lmm/m/it on input line 23.
LaTeX Font Info:    Overwriting symbol font `symbols' in version `normal'
(Font)                  OMS/cmsy/m/n --> OMS/lmsy/m/n on input line 24.
LaTeX Font Info:    Overwriting symbol font `largesymbols' in version `normal'
(Font)                  OMX/cmex/m/n --> OMX/lmex/m/n on input line 25.
LaTeX Font Info:    Overwriting symbol font `operators' in version `bold'
(Font)                  OT1/cmr/bx/n --> OT1/lmr/bx/n on input line 26.
LaTeX Font Info:    Overwriting symbol font `letters' in version `bold'
(Font)                  OML/cmm/b/it --> OML/lmm/b/it on input line 27.
LaTeX Font Info:    Overwriting symbol font `symbols' in version `bold'
(Font)                  OMS/cmsy/b/n --> OMS/lmsy/b/n on input line 28.
LaTeX Font Info:    Overwriting symbol font `largesymbols' in version `bold'
(Font)                  OMX/cmex/m/n --> OMX/lmex/m/n on input line 29.
LaTeX Font Info:    Overwriting math alphabet `\mathbf' in version `normal'
(Font)                  OT1/cmr/bx/n --> OT1/lmr/bx/n on input line 31.
LaTeX Font Info:    Overwriting math alphabet `\mathsf' in version `normal'
(Font)                  OT1/cmss/m/n --> OT1/lmss/m/n on input line 32.
LaTeX Font Info:    Overwriting math alphabet `\mathit' in version `normal'
(Font)                  OT1/cmr/m/it --> OT1/lmr/m/it on input line 33.
LaTeX Font Info:    Overwriting math alphabet `\mathtt' in version `normal'
(Font)                  OT1/cmtt/m/n --> OT1/lmtt/m/n on input line 34.
LaTeX Font Info:    Overwriting math alphabet `\mathbf' in version `bold'
(Font)                  OT1/cmr/bx/n --> OT1/lmr/bx/n on input line 35.
LaTeX Font Info:    Overwriting math alphabet `\mathsf' in version `bold'
(Font)                  OT1/cmss/bx/n --> OT1/lmss/bx/n on input line 36.
LaTeX Font Info:    Overwriting math alphabet `\mathit' in version `bold'
(Font)                  OT1/cmr/bx/it --> OT1/lmr/bx/it on input line 37.
LaTeX Font Info:    Overwriting math alphabet `\mathtt' in version `bold'
(Font)                  OT1/cmtt/m/n --> OT1/lmtt/m/n on input line 38.
)
(C:\Users\ruben.fcasal\AppData\Roaming\MiKTeX\2.9\tex/generic/iftex\ifxetex.sty
Package: ifxetex 2019/10/25 v0.7 ifxetex legacy package. Use iftex instead.
(C:\Users\ruben.fcasal\AppData\Roaming\MiKTeX\2.9\tex/generic/iftex\iftex.sty
Package: iftex 2020/03/06 v1.0d TeX engine tests
))
(C:\Users\ruben.fcasal\AppData\Roaming\MiKTeX\2.9\tex/generic/iftex\ifluatex.st
y
Package: ifluatex 2019/10/25 v1.5 ifluatex legacy package. Use iftex instead.
)
(C:\Users\ruben.fcasal\AppData\Roaming\MiKTeX\2.9\tex/latex/unicode-math\unicod
e-math.sty (C:\Program Files\MiKTeX 2.9\tex/latex/l3kernel\expl3.sty
Package: expl3 2021-08-27 L3 programming layer (loader) 

(C:\Users\ruben.fcasal\AppData\Roaming\MiKTeX\2.9\tex/latex/l3backend\l3backend
-xetex.def
File: l3backend-xetex.def 2021-08-04 L3 backend support: XeTeX
()
\c__kernel_sys_dvipdfmx_version_int=\count199
\l__color_backend_stack_int=\count266
\g__color_backend_stack_int=\count267
\g__graphics_track_int=\count268
\l__pdf_internal_box=\box52
\g__pdf_backend_object_int=\count269
\g__pdf_backend_annotation_int=\count270
\g__pdf_backend_link_int=\count271
))
Package: unicode-math 2020/01/31 v0.8q Unicode maths in XeLaTeX and LuaLaTeX

(C:\Users\ruben.fcasal\AppData\Roaming\MiKTeX\2.9\tex/latex/unicode-math\unicod
e-math-xetex.sty
Package: unicode-math-xetex 2020/01/31 v0.8q Unicode maths in XeLaTeX and LuaLa
TeX
(C:\Program Files\MiKTeX 2.9\tex/latex/l3packages/xparse\xparse.sty
Package: xparse 2021-08-27 L3 Experimental document command parser
) (C:\Program Files\MiKTeX 2.9\tex/latex/l3packages/l3keys2e\l3keys2e.sty
Package: l3keys2e 2021-08-27 LaTeX2e option processing using LaTeX3 keys
) (C:\Program Files\MiKTeX 2.9\tex/latex/fontspec\fontspec.sty
Package: fontspec 2020/02/21 v2.7i Font selection for XeLaTeX and LuaLaTeX
(C:\Program Files\MiKTeX 2.9\tex/latex/fontspec\fontspec-xetex.sty
Package: fontspec-xetex 2020/02/21 v2.7i Font selection for XeLaTeX and LuaLaTe
X
\l__fontspec_script_int=\count272
\l__fontspec_language_int=\count273
\l__fontspec_strnum_int=\count274
\l__fontspec_tmp_int=\count275
\l__fontspec_tmpa_int=\count276
\l__fontspec_tmpb_int=\count277
\l__fontspec_tmpc_int=\count278
\l__fontspec_em_int=\count279
\l__fontspec_emdef_int=\count280
\l__fontspec_strong_int=\count281
\l__fontspec_strongdef_int=\count282
\l__fontspec_tmpa_dim=\dimen148
\l__fontspec_tmpb_dim=\dimen149
\l__fontspec_tmpc_dim=\dimen150
(C:\Program Files\MiKTeX 2.9\tex/latex/base\fontenc.sty
Package: fontenc 2021/04/29 v2.0v Standard LaTeX package
) (C:\Program Files\MiKTeX 2.9\tex/latex/fontspec\fontspec.cfg))) (C:\Program F
iles\MiKTeX 2.9\tex/latex/base\fix-cm.sty
Package: fix-cm 2020/11/24 v1.1t fixes to LaTeX
(C:\Program Files\MiKTeX 2.9\tex/latex/base\ts1enc.def
File: ts1enc.def 2001/06/05 v3.0e (jk/car/fm) Standard LaTeX file
LaTeX Font Info:    Redeclaring font encoding TS1 on input line 47.
))
\g__um_fam_int=\count283
\g__um_fonts_used_int=\count284
\l__um_primecount_int=\count285
\g__um_primekern_muskip=\muskip17

(C:\Users\ruben.fcasal\AppData\Roaming\MiKTeX\2.9\tex/latex/unicode-math\unicod
e-math-table.tex)))
(C:\Users\ruben.fcasal\AppData\Roaming\MiKTeX\2.9\tex/latex/upquote\upquote.sty
Package: upquote 2012/04/19 v1.3 upright-quote and grave-accent glyphs in verba
tim
(C:\Program Files\MiKTeX 2.9\tex/latex/base\textcomp.sty
Package: textcomp 2020/02/02 v2.0n Standard LaTeX package
))
(C:\Users\ruben.fcasal\AppData\Roaming\MiKTeX\2.9\tex/latex/microtype\microtype
.sty
Package: microtype 2021/03/14 v2.8c Micro-typographical refinements (RS)
(C:\Program Files\MiKTeX 2.9\tex/latex/graphics\keyval.sty
Package: keyval 2014/10/28 v1.15 key=value parser (DPC)
\KV@toks@=\toks21
)
\MT@toks=\toks22
\MT@count=\count286
LaTeX Info: Redefining \textls on input line 790.
\MT@outer@kern=\dimen151
LaTeX Info: Redefining \textmicrotypecontext on input line 1374.
\MT@listname@count=\count287

(C:\Users\ruben.fcasal\AppData\Roaming\MiKTeX\2.9\tex/latex/microtype\microtype
-xetex.def
File: microtype-xetex.def 2021/03/14 v2.8c Definitions specific to xetex (RS)
LaTeX Info: Redefining \lsstyle on input line 254.
)
Package microtype Info: Loading configuration file microtype.cfg.

(C:\Users\ruben.fcasal\AppData\Roaming\MiKTeX\2.9\tex/latex/microtype\microtype
.cfg
File: microtype.cfg 2021/03/14 v2.8c microtype main configuration file (RS)
))
(C:\Users\ruben.fcasal\AppData\Roaming\MiKTeX\2.9\tex/latex/parskip\parskip.sty
Package: parskip 2021-03-14 v2.0h non-zero parskip adjustments

(C:\Users\ruben.fcasal\AppData\Roaming\MiKTeX\2.9\tex/latex/kvoptions\kvoptions
.sty
Package: kvoptions 2020-10-07 v3.14 Key value format for package options (HO)

(C:\Users\ruben.fcasal\AppData\Roaming\MiKTeX\2.9\tex/generic/ltxcmds\ltxcmds.s
ty
Package: ltxcmds 2020-05-10 v1.25 LaTeX kernel commands for general use (HO)
)
(C:\Users\ruben.fcasal\AppData\Roaming\MiKTeX\2.9\tex/generic/kvsetkeys\kvsetke
ys.sty
Package: kvsetkeys 2019/12/15 v1.18 Key value parser (HO)
))
(C:\Users\ruben.fcasal\AppData\Roaming\MiKTeX\2.9\tex/latex/etoolbox\etoolbox.s
ty
Package: etoolbox 2020/10/05 v2.5k e-TeX tools for LaTeX (JAW)
\etb@tempcnta=\count288
)) (C:\Users\ruben.fcasal\AppData\Roaming\MiKTeX\2.9\tex/latex/xcolor\xcolor.st
y
Package: xcolor 2016/05/11 v2.12 LaTeX color extensions (UK)
(C:\Program Files\MiKTeX 2.9\tex/latex/graphics-cfg\color.cfg
File: color.cfg 2016/01/02 v1.6 sample color configuration
)
Package xcolor Info: Driver file: xetex.def on input line 225.
(C:\Program Files\MiKTeX 2.9\tex/latex/graphics-def\xetex.def
File: xetex.def 2021/03/18 v5.0k Graphics/color driver for xetex
)
Package xcolor Info: Model `cmy' substituted by `cmy0' on input line 1348.
Package xcolor Info: Model `RGB' extended on input line 1364.
Package xcolor Info: Model `HTML' substituted by `rgb' on input line 1366.
Package xcolor Info: Model `Hsb' substituted by `hsb' on input line 1367.
Package xcolor Info: Model `tHsb' substituted by `hsb' on input line 1368.
Package xcolor Info: Model `HSB' substituted by `hsb' on input line 1369.
Package xcolor Info: Model `Gray' substituted by `gray' on input line 1370.
Package xcolor Info: Model `wave' substituted by `hsb' on input line 1371.
) (C:\Users\ruben.fcasal\AppData\Roaming\MiKTeX\2.9\tex/latex/xurl\xurl.sty
Package: xurl 2020/12/30 v 0.09a modify URL breaks
(C:\Users\ruben.fcasal\AppData\Roaming\MiKTeX\2.9\tex/latex/url\url.sty
\Urlmuskip=\muskip18
Package: url 2013/09/16  ver 3.4  Verb mode for urls, etc.
))
(C:\Users\ruben.fcasal\AppData\Roaming\MiKTeX\2.9\tex/latex/bookmark\bookmark.s
ty
Package: bookmark 2020-11-06 v1.29 PDF bookmarks (HO)
(C:\Program Files\MiKTeX 2.9\tex/latex/hyperref\hyperref.sty
Package: hyperref 2021-06-07 v7.00m Hypertext links for LaTeX

(C:\Users\ruben.fcasal\AppData\Roaming\MiKTeX\2.9\tex/generic/pdftexcmds\pdftex
cmds.sty
Package: pdftexcmds 2020-06-27 v0.33 Utility functions of pdfTeX for LuaTeX (HO
)

(C:\Users\ruben.fcasal\AppData\Roaming\MiKTeX\2.9\tex/generic/infwarerr\infware
rr.sty
Package: infwarerr 2019/12/03 v1.5 Providing info/warning/error messages (HO)
)
Package pdftexcmds Info: \pdf@primitive is available.
Package pdftexcmds Info: \pdf@ifprimitive is available.
Package pdftexcmds Info: \pdfdraftmode not found.
)
(C:\Users\ruben.fcasal\AppData\Roaming\MiKTeX\2.9\tex/generic/kvdefinekeys\kvde
finekeys.sty
Package: kvdefinekeys 2019-12-19 v1.6 Define keys (HO)
)
(C:\Users\ruben.fcasal\AppData\Roaming\MiKTeX\2.9\tex/generic/pdfescape\pdfesca
pe.sty
Package: pdfescape 2019/12/09 v1.15 Implements pdfTeX's escape features (HO)
)
(C:\Users\ruben.fcasal\AppData\Roaming\MiKTeX\2.9\tex/latex/hycolor\hycolor.sty
Package: hycolor 2020-01-27 v1.10 Color options for hyperref/bookmark (HO)
)
(C:\Users\ruben.fcasal\AppData\Roaming\MiKTeX\2.9\tex/latex/letltxmacro\letltxm
acro.sty
Package: letltxmacro 2019/12/03 v1.6 Let assignment for LaTeX macros (HO)
)
(C:\Users\ruben.fcasal\AppData\Roaming\MiKTeX\2.9\tex/latex/auxhook\auxhook.sty
Package: auxhook 2019-12-17 v1.6 Hooks for auxiliary files (HO)
)
\@linkdim=\dimen152
\Hy@linkcounter=\count289
\Hy@pagecounter=\count290
(C:\Program Files\MiKTeX 2.9\tex/latex/hyperref\pd1enc.def
File: pd1enc.def 2021-06-07 v7.00m Hyperref: PDFDocEncoding definition (HO)
) (C:\Program Files\MiKTeX 2.9\tex/latex/hyperref\hyperref-langpatches.def
File: hyperref-langpatches.def 2021-06-07 v7.00m Hyperref: patches for babel la
nguages
)
(C:\Users\ruben.fcasal\AppData\Roaming\MiKTeX\2.9\tex/generic/intcalc\intcalc.s
ty
Package: intcalc 2019/12/15 v1.3 Expandable calculations with integers (HO)
)
(C:\Users\ruben.fcasal\AppData\Roaming\MiKTeX\2.9\tex/generic/etexcmds\etexcmds
.sty
Package: etexcmds 2019/12/15 v1.7 Avoid name clashes with e-TeX commands (HO)
)
\Hy@SavedSpaceFactor=\count291
(C:\Program Files\MiKTeX 2.9\tex/latex/hyperref\puenc.def
File: puenc.def 2021-06-07 v7.00m Hyperref: PDF Unicode definition (HO)
)
Package hyperref Info: Option `unicode' set `true' on input line 4073.
Package hyperref Info: Hyper figures OFF on input line 4192.
Package hyperref Info: Link nesting OFF on input line 4197.
Package hyperref Info: Hyper index ON on input line 4200.
Package hyperref Info: Plain pages OFF on input line 4207.
Package hyperref Info: Backreferencing OFF on input line 4212.
Package hyperref Info: Implicit mode ON; LaTeX internals redefined.
Package hyperref Info: Bookmarks ON on input line 4445.
\c@Hy@tempcnt=\count292
LaTeX Info: Redefining \url on input line 4804.
\XeTeXLinkMargin=\dimen153

(C:\Users\ruben.fcasal\AppData\Roaming\MiKTeX\2.9\tex/generic/bitset\bitset.sty
Package: bitset 2019/12/09 v1.3 Handle bit-vector datatype (HO)

(C:\Users\ruben.fcasal\AppData\Roaming\MiKTeX\2.9\tex/generic/bigintcalc\bigint
calc.sty
Package: bigintcalc 2019/12/15 v1.5 Expandable calculations on big integers (HO
)
))
\Fld@menulength=\count293
\Field@Width=\dimen154
\Fld@charsize=\dimen155
Package hyperref Info: Hyper figures OFF on input line 6076.
Package hyperref Info: Link nesting OFF on input line 6081.
Package hyperref Info: Hyper index ON on input line 6084.
Package hyperref Info: backreferencing OFF on input line 6091.
Package hyperref Info: Link coloring OFF on input line 6096.
Package hyperref Info: Link coloring with OCG OFF on input line 6101.
Package hyperref Info: PDF/A mode OFF on input line 6106.
LaTeX Info: Redefining \ref on input line 6146.
LaTeX Info: Redefining \pageref on input line 6150.
(C:\Program Files\MiKTeX 2.9\tex/latex/base\atbegshi-ltx.sty
Package: atbegshi-ltx 2021/01/10 v1.0c Emulation of the original atbegshi
package with kernel methods
)
\Hy@abspage=\count294
\c@Item=\count295
\c@Hfootnote=\count296
)
Package hyperref Info: Driver (autodetected): hxetex.
(C:\Program Files\MiKTeX 2.9\tex/latex/hyperref\hxetex.def
File: hxetex.def 2021-06-07 v7.00m Hyperref driver for XeTeX

(C:\Users\ruben.fcasal\AppData\Roaming\MiKTeX\2.9\tex/generic/stringenc\stringe
nc.sty
Package: stringenc 2019/11/29 v1.12 Convert strings between diff. encodings (HO
)
)
\pdfm@box=\box53
\c@Hy@AnnotLevel=\count297
\HyField@AnnotCount=\count298
\Fld@listcount=\count299
\c@bookmark@seq@number=\count300

(C:\Users\ruben.fcasal\AppData\Roaming\MiKTeX\2.9\tex/latex/rerunfilecheck\reru
nfilecheck.sty
Package: rerunfilecheck 2019/12/05 v1.9 Rerun checks for auxiliary files (HO)
(C:\Program Files\MiKTeX 2.9\tex/latex/base\atveryend-ltx.sty
Package: atveryend-ltx 2020/08/19 v1.0a Emulation of the original atvery packag
e
with kernel methods
)
(C:\Users\ruben.fcasal\AppData\Roaming\MiKTeX\2.9\tex/generic/uniquecounter\uni
quecounter.sty
Package: uniquecounter 2019/12/15 v1.4 Provide unlimited unique counter (HO)
)
Package uniquecounter Info: New unique counter `rerunfilecheck' on input line 2
86.
)
\Hy@SectionHShift=\skip52
)
(C:\Users\ruben.fcasal\AppData\Roaming\MiKTeX\2.9\tex/latex/bookmark\bkm-dvipdf
m.def
File: bkm-dvipdfm.def 2020-11-06 v1.29 bookmark driver for dvipdfm (HO)
\BKM@id=\count301
))
(C:\Users\ruben.fcasal\AppData\Roaming\MiKTeX\2.9\tex/latex/fancyvrb\fancyvrb.s
ty
Package: fancyvrb 2021/08/12 v3.8 verbatim text (tvz,hv)
\FV@CodeLineNo=\count302
\FV@InFile=\read2
\FV@TabBox=\box54
\c@FancyVerbLine=\count303
\FV@StepNumber=\count304
\FV@OutFile=\write3
) (C:\Users\ruben.fcasal\AppData\Roaming\MiKTeX\2.9\tex/latex/framed\framed.sty
Package: framed 2011/10/22 v 0.96: framed or shaded text with page breaks
\OuterFrameSep=\skip53
\fb@frw=\dimen156
\fb@frh=\dimen157
\FrameRule=\dimen158
\FrameSep=\dimen159
)
(C:\Users\ruben.fcasal\AppData\Roaming\MiKTeX\2.9\tex/latex/tools\longtable.sty
Package: longtable 2021-05-07 v4.16 Multi-page Table package (DPC)
\LTleft=\skip54
\LTright=\skip55
\LTpre=\skip56
\LTpost=\skip57
\LTchunksize=\count305
\LTcapwidth=\dimen160
\LT@head=\box55
\LT@firsthead=\box56
\LT@foot=\box57
\LT@lastfoot=\box58
\LT@gbox=\box59
\LT@cols=\count306
\LT@rows=\count307
\c@LT@tables=\count308
\c@LT@chunks=\count309
\LT@p@ftn=\toks23
)
(C:\Users\ruben.fcasal\AppData\Roaming\MiKTeX\2.9\tex/latex/booktabs\booktabs.s
ty
Package: booktabs 2020/01/12 v1.61803398 Publication quality tables
\heavyrulewidth=\dimen161
\lightrulewidth=\dimen162
\cmidrulewidth=\dimen163
\belowrulesep=\dimen164
\belowbottomsep=\dimen165
\aboverulesep=\dimen166
\abovetopsep=\dimen167
\cmidrulesep=\dimen168
\cmidrulekern=\dimen169
\defaultaddspace=\dimen170
\@cmidla=\count310
\@cmidlb=\count311
\@aboverulesep=\dimen171
\@belowrulesep=\dimen172
\@thisruleclass=\count312
\@lastruleclass=\count313
\@thisrulewidth=\dimen173
) (C:\Users\ruben.fcasal\AppData\Roaming\MiKTeX\2.9\tex/latex/tools\array.sty
Package: array 2021/04/20 v2.5e Tabular extension package (FMi)
\col@sep=\dimen174
\ar@mcellbox=\box60
\extrarowheight=\dimen175
\NC@list=\toks24
\extratabsurround=\skip58
\backup@length=\skip59
\ar@cellbox=\box61
) (C:\Users\ruben.fcasal\AppData\Roaming\MiKTeX\2.9\tex/latex/tools\calc.sty
Package: calc 2017/05/25 v4.3 Infix arithmetic (KKT,FJ)
\calc@Acount=\count314
\calc@Bcount=\count315
\calc@Adimen=\dimen176
\calc@Bdimen=\dimen177
\calc@Askip=\skip60
\calc@Bskip=\skip61
LaTeX Info: Redefining \setlength on input line 80.
LaTeX Info: Redefining \addtolength on input line 81.
\calc@Ccount=\count316
\calc@Cskip=\skip62
)
(C:\Users\ruben.fcasal\AppData\Roaming\MiKTeX\2.9\tex/latex/footnotehyper\footn
otehyper.sty
Package: footnotehyper 2021/02/04 v1.1d hyperref aware footnote.sty (JFB)
\FNH@notes=\box62
\FNH@width=\dimen178
\FNH@toks=\toks25
) (C:\Program Files\MiKTeX 2.9\tex/latex/graphics\graphicx.sty
Package: graphicx 2020/12/05 v1.2c Enhanced LaTeX Graphics (DPC,SPQR)
(C:\Program Files\MiKTeX 2.9\tex/latex/graphics\graphics.sty
Package: graphics 2021/03/04 v1.4d Standard LaTeX Graphics (DPC,SPQR)
(C:\Program Files\MiKTeX 2.9\tex/latex/graphics\trig.sty
Package: trig 2016/01/03 v1.10 sin cos tan (DPC)
) (C:\Program Files\MiKTeX 2.9\tex/latex/graphics-cfg\graphics.cfg
File: graphics.cfg 2016/06/04 v1.11 sample graphics configuration
)
Package graphics Info: Driver file: xetex.def on input line 107.
)
\Gin@req@height=\dimen179
\Gin@req@width=\dimen180
) (C:\Program Files\MiKTeX 2.9\tex/latex/amscls\amsthm.sty
Package: amsthm 2020/05/29 v2.20.6
\thm@style=\toks26
\thm@bodyfont=\toks27
\thm@headfont=\toks28
\thm@notefont=\toks29
\thm@headpunct=\toks30
\thm@preskip=\skip63
\thm@postskip=\skip64
\thm@headsep=\skip65
\dth@everypar=\toks31
) (C:\Program Files\MiKTeX 2.9\tex/latex/geometry\geometry.sty
Package: geometry 2020/01/02 v5.9 Page Geometry
(C:\Users\ruben.fcasal\AppData\Roaming\MiKTeX\2.9\tex/generic/iftex\ifvtex.sty
Package: ifvtex 2019/10/25 v1.7 ifvtex legacy package. Use iftex instead.
)
\Gm@cnth=\count317
\Gm@cntv=\count318
\c@Gm@tempcnt=\count319
\Gm@bindingoffset=\dimen181
\Gm@wd@mp=\dimen182
\Gm@odd@mp=\dimen183
\Gm@even@mp=\dimen184
\Gm@layoutwidth=\dimen185
\Gm@layoutheight=\dimen186
\Gm@layouthoffset=\dimen187
\Gm@layoutvoffset=\dimen188
\Gm@dimlist=\toks32
(C:\Program Files\MiKTeX 2.9\tex/latex/geometry\geometry.cfg)) (C:\Program File
s\MiKTeX 2.9\tex/latex/polyglossia\polyglossia.sty
Package: polyglossia 2021/04/12 v1.53 Modern multilingual typesetting with XeLa
TeX and LuaLaTeX

(C:\Users\ruben.fcasal\AppData\Roaming\MiKTeX\2.9\tex/latex/makecmds\makecmds.s
ty
Package: makecmds 2009/09/03 v1.0a extra command making commands
) (C:\Program Files\MiKTeX 2.9\tex/latex/xkeyval\xkeyval.sty
Package: xkeyval 2020/11/20 v2.8 package option processing (HA)
(C:\Program Files\MiKTeX 2.9\tex/generic/xkeyval\xkeyval.tex (C:\Program Files\
MiKTeX 2.9\tex/generic/xkeyval\xkvutils.tex
\XKV@toks=\toks33
\XKV@tempa@toks=\toks34
)
\XKV@depth=\count320
File: xkeyval.tex 2014/12/03 v2.7a key=value parser (HA)
))
\xpg@normalclass=\XeTeXcharclass1
(C:\Program Files\MiKTeX 2.9\tex/latex/polyglossia\gloss-latex.ldf
File: gloss-latex.ldf polyglossia: module for default language
The property list \polyglossia@langsetup contains the pairs (without outer
braces):
>  {latex/script}  =>  {latin}
>  {latex/lcscript}  =>  {latin}
>  {latex/scripttag}  =>  {}
>  {latex/language}  =>  {Latex}
>  {latex/langtag}  =>  {ENG}
>  {latex/bcp47}  =>  {}
>  {latex/hyphennames}  =>  {english}
>  {latex/direction}  =>  {LR}
>  {latex/hyphenmins}  =>  {2,3}
>  {latex/frenchspacing}  =>  {false}
>  {latex/indentfirst}  =>  {false}
>  {latex/fontsetup}  =>  {true}
>  {latex/envname}  =>  {latex}
>  {latex/babelname}  =>  {latex}
>  {latex/localnumeral}  =>  {polyglossia@C@localnumeral}
>  {latex/Localnumeral}  =>  {polyglossia@C@localnumeral}.
)
Package polyglossia Info: Default language is latex.
) (C:\Program Files\MiKTeX 2.9\tex/latex/polyglossia\gloss-spanish.ldf
File: gloss-spanish.ldf polyglossia: module for spanish
The property list \polyglossia@langsetup contains the pairs (without outer
braces):
>  {latex/script}  =>  {latin}
>  {latex/lcscript}  =>  {latin}
>  {latex/scripttag}  =>  {}
>  {latex/language}  =>  {Latex}
>  {latex/langtag}  =>  {ENG}
>  {latex/bcp47}  =>  {}
>  {latex/hyphennames}  =>  {english}
>  {latex/direction}  =>  {LR}
>  {latex/hyphenmins}  =>  {2,3}
>  {latex/frenchspacing}  =>  {false}
>  {latex/indentfirst}  =>  {false}
>  {latex/fontsetup}  =>  {true}
>  {latex/envname}  =>  {latex}
>  {latex/babelname}  =>  {latex}
>  {latex/localnumeral}  =>  {polyglossia@C@localnumeral}
>  {latex/Localnumeral}  =>  {polyglossia@C@localnumeral}
>  {spanish/script}  =>  {latin}
>  {spanish/lcscript}  =>  {latin}
>  {spanish/scripttag}  =>  {}
>  {spanish/language}  =>  {Spanish}
>  {spanish/langtag}  =>  {ESP}
>  {spanish/bcp47}  =>  {es-ES}
>  {spanish/hyphennames}  =>  {spanish}
>  {spanish/direction}  =>  {LR}
>  {spanish/hyphenmins}  =>  {2,2}
>  {spanish/frenchspacing}  =>  {true}
>  {spanish/indentfirst}  =>  {true}
>  {spanish/fontsetup}  =>  {true}
>  {spanish/envname}  =>  {spanish}
>  {spanish/babelname}  =>  {spanish}
>  {spanish/localnumeral}  =>  {polyglossia@C@localnumeral}
>  {spanish/Localnumeral}  =>  {polyglossia@C@localnumeral}
>  {spanish/totalhyphenmin}  =>  {5}.
Package polyglossia Info: Option: spanish, variant=spanish.
Package polyglossia Info: Option: Spanish, spanishoperators=none.
)
Package polyglossia Info: Default language is spanish.
Package polyglossia Info: Default language is spanish.
\cslhangindent=\skip66
\csllabelwidth=\skip67
(estadistica_espacial.aux
LaTeX Info: Redefining \rmfamily on input line 19.
LaTeX Info: Redefining \sffamily on input line 19.
LaTeX Info: Redefining \ttfamily on input line 19.
)
\openout1 = `estadistica_espacial.aux'.

LaTeX Font Info:    Checking defaults for OML/cmm/m/it on input line 184.
LaTeX Font Info:    ... okay on input line 184.
LaTeX Font Info:    Checking defaults for OMS/cmsy/m/n on input line 184.
LaTeX Font Info:    ... okay on input line 184.
LaTeX Font Info:    Checking defaults for OT1/cmr/m/n on input line 184.
LaTeX Font Info:    ... okay on input line 184.
LaTeX Font Info:    Checking defaults for T1/cmr/m/n on input line 184.
LaTeX Font Info:    ... okay on input line 184.
LaTeX Font Info:    Checking defaults for TS1/cmr/m/n on input line 184.
LaTeX Font Info:    ... okay on input line 184.
LaTeX Font Info:    Checking defaults for TU/lmr/m/n on input line 184.
LaTeX Font Info:    ... okay on input line 184.
LaTeX Font Info:    Checking defaults for OMX/cmex/m/n on input line 184.
LaTeX Font Info:    ... okay on input line 184.
LaTeX Font Info:    Checking defaults for U/cmr/m/n on input line 184.
LaTeX Font Info:    ... okay on input line 184.
LaTeX Font Info:    Checking defaults for PD1/pdf/m/n on input line 184.
LaTeX Font Info:    ... okay on input line 184.
LaTeX Font Info:    Checking defaults for PU/pdf/m/n on input line 184.
LaTeX Font Info:    ... okay on input line 184.
LaTeX Font Info:    Overwriting math alphabet `\mathrm' in version `normal'
(Font)                  OT1/lmr/m/n --> TU/lmr/m/n on input line 184.
LaTeX Font Info:    Overwriting math alphabet `\mathit' in version `normal'
(Font)                  OT1/lmr/m/it --> TU/lmr/m/it on input line 184.
LaTeX Font Info:    Overwriting math alphabet `\mathbf' in version `normal'
(Font)                  OT1/lmr/bx/n --> TU/lmr/bx/n on input line 184.
LaTeX Font Info:    Overwriting math alphabet `\mathsf' in version `normal'
(Font)                  OT1/lmss/m/n --> TU/lmss/m/n on input line 184.
LaTeX Font Info:    Overwriting math alphabet `\mathsf' in version `bold'
(Font)                  OT1/lmss/bx/n --> TU/lmss/bx/n on input line 184.
LaTeX Font Info:    Overwriting math alphabet `\mathtt' in version `normal'
(Font)                  OT1/lmtt/m/n --> TU/lmtt/m/n on input line 184.
LaTeX Font Info:    Overwriting math alphabet `\mathtt' in version `bold'
(Font)                  OT1/lmtt/m/n --> TU/lmtt/bx/n on input line 184.

Package fontspec Info: latinmodern-math scale = 0.9999964596882403.


Package fontspec Info: latinmodern-math scale = 0.9999964596882403.


Package fontspec Info: latinmodern-math scale = 0.9999964596882403.


Package fontspec Info: Font family 'latinmodern-math.otf(0)' created for font
(fontspec)             'latinmodern-math.otf' with options
(fontspec)             [Scale=MatchLowercase,BoldItalicFont={},ItalicFont={},Sm
allCapsFont={},Script=Math,BoldFont={latinmodern-math.otf}].
(fontspec)              
(fontspec)              This font family consists of the following NFSS
(fontspec)             series/shapes:
(fontspec)              
(fontspec)             - 'normal' (m/n) with NFSS spec.:
(fontspec)             <->s*[0.9999964596882403]"[latinmodern-math.otf]/OT:scri
pt=math;language=dflt;"
(fontspec)             - 'small caps'  (m/sc) with NFSS spec.: 
(fontspec)             - 'bold' (b/n) with NFSS spec.:
(fontspec)             <->s*[0.9999964596882403]"[latinmodern-math.otf]/OT:scri
pt=math;language=dflt;"
(fontspec)             - 'bold small caps'  (b/sc) with NFSS spec.: 

LaTeX Font Info:    Font shape `TU/latinmodern-math.otf(0)/m/n' will be
(Font)              scaled to size 10.0pt on input line 184.

Package fontspec Info: latinmodern-math scale = 0.9999964596882403.


Package fontspec Info: latinmodern-math scale = 0.9999964596882403.


Package fontspec Info: latinmodern-math scale = 0.9999964596882403.


Package fontspec Info: latinmodern-math scale = 0.9999964596882403.


Package fontspec Info: latinmodern-math scale = 0.9999964596882403.


Package fontspec Info: Font family 'latinmodern-math.otf(1)' created for font
(fontspec)             'latinmodern-math.otf' with options
(fontspec)             [Scale=MatchLowercase,BoldItalicFont={},ItalicFont={},Sm
allCapsFont={},Script=Math,SizeFeatures={{Size=8.5-},{Size=6-8.5,Font=latinmode
rn-math.otf,Style=MathScript},{Size=-6,Font=latinmodern-math.otf,Style=MathScri
ptScript}},BoldFont={latinmodern-math.otf}].
(fontspec)              
(fontspec)              This font family consists of the following NFSS
(fontspec)             series/shapes:
(fontspec)              
(fontspec)             - 'normal' (m/n) with NFSS spec.:
(fontspec)             <8.5->s*[0.9999964596882403]"[latinmodern-math.otf]/OT:s
cript=math;language=dflt;"<6-8.5>s*[0.9999964596882403]"[latinmodern-math.otf]/
OT:script=math;language=dflt;+ssty=0;"<-6>s*[0.9999964596882403]"[latinmodern-m
ath.otf]/OT:script=math;language=dflt;+ssty=1;"
(fontspec)             - 'small caps'  (m/sc) with NFSS spec.: 
(fontspec)             - 'bold' (b/n) with NFSS spec.:
(fontspec)             <->s*[0.9999964596882403]"[latinmodern-math.otf]/OT:scri
pt=math;language=dflt;"
(fontspec)             - 'bold small caps'  (b/sc) with NFSS spec.: 

LaTeX Font Info:    Font shape `TU/latinmodern-math.otf(1)/m/n' will be
(Font)              scaled to size 10.0pt on input line 184.
LaTeX Font Info:    Encoding `OT1' has changed to `TU' for symbol font
(Font)              `operators' in the math version `normal' on input line 184.

LaTeX Font Info:    Overwriting symbol font `operators' in version `normal'
(Font)                  OT1/lmr/m/n --> TU/latinmodern-math.otf(1)/m/n on input
 line 184.
LaTeX Font Info:    Encoding `OT1' has changed to `TU' for symbol font
(Font)              `operators' in the math version `bold' on input line 184.
LaTeX Font Info:    Overwriting symbol font `operators' in version `bold'
(Font)                  OT1/lmr/bx/n --> TU/latinmodern-math.otf(1)/b/n on inpu
t line 184.

Package fontspec Info: latinmodern-math scale = 0.9999964596882403.


Package fontspec Info: latinmodern-math scale = 1.000096459334209.


Package fontspec Info: latinmodern-math scale = 0.9999964596882403.


Package fontspec Info: latinmodern-math scale = 1.000096459334209.


Package fontspec Info: latinmodern-math scale = 0.9999964596882403.


Package fontspec Info: latinmodern-math scale = 1.000096459334209.


Package fontspec Info: latinmodern-math scale = 0.9999964596882403.


Package fontspec Info: latinmodern-math scale = 1.000096459334209.


Package fontspec Info: latinmodern-math scale = 0.9999964596882403.


Package fontspec Info: latinmodern-math scale = 1.000096459334209.


Package fontspec Info: Font family 'latinmodern-math.otf(2)' created for font
(fontspec)             'latinmodern-math.otf' with options
(fontspec)             [Scale=MatchLowercase,BoldItalicFont={},ItalicFont={},Sm
allCapsFont={},Script=Math,SizeFeatures={{Size=8.5-},{Size=6-8.5,Font=latinmode
rn-math.otf,Style=MathScript},{Size=-6,Font=latinmodern-math.otf,Style=MathScri
ptScript}},BoldFont={latinmodern-math.otf},ScaleAgain=1.0001,FontAdjustment={\f
ontdimen
(fontspec)             8\font =6.77pt\relax \fontdimen 9\font =3.94pt\relax
(fontspec)             \fontdimen 10\font =4.44pt\relax \fontdimen 11\font
(fontspec)             =6.86pt\relax \fontdimen 12\font =3.45pt\relax
(fontspec)             \fontdimen 13\font =3.63pt\relax \fontdimen 14\font
(fontspec)             =3.63pt\relax \fontdimen 15\font =2.89pt\relax
(fontspec)             \fontdimen 16\font =2.47pt\relax \fontdimen 17\font
(fontspec)             =2.47pt\relax \fontdimen 18\font =2.5pt\relax
(fontspec)             \fontdimen 19\font =2.0pt\relax \fontdimen 22\font
(fontspec)             =2.5pt\relax \fontdimen 20\font =0pt\relax \fontdimen
(fontspec)             21\font =0pt\relax }].
(fontspec)              
(fontspec)              This font family consists of the following NFSS
(fontspec)             series/shapes:
(fontspec)              
(fontspec)             - 'normal' (m/n) with NFSS spec.:
(fontspec)             <8.5->s*[1.000096459334209]"[latinmodern-math.otf]/OT:sc
ript=math;language=dflt;"<6-8.5>s*[1.000096459334209]"[latinmodern-math.otf]/OT
:script=math;language=dflt;+ssty=0;"<-6>s*[1.000096459334209]"[latinmodern-math
.otf]/OT:script=math;language=dflt;+ssty=1;"
(fontspec)             - 'small caps'  (m/sc) with NFSS spec.: 
(fontspec)             and font adjustment code:
(fontspec)             \fontdimen 8\font =6.77pt\relax \fontdimen 9\font
(fontspec)             =3.94pt\relax \fontdimen 10\font =4.44pt\relax
(fontspec)             \fontdimen 11\font =6.86pt\relax \fontdimen 12\font
(fontspec)             =3.45pt\relax \fontdimen 13\font =3.63pt\relax
(fontspec)             \fontdimen 14\font =3.63pt\relax \fontdimen 15\font
(fontspec)             =2.89pt\relax \fontdimen 16\font =2.47pt\relax
(fontspec)             \fontdimen 17\font =2.47pt\relax \fontdimen 18\font
(fontspec)             =2.5pt\relax \fontdimen 19\font =2.0pt\relax \fontdimen
(fontspec)             22\font =2.5pt\relax \fontdimen 20\font =0pt\relax
(fontspec)             \fontdimen 21\font =0pt\relax 
(fontspec)             - 'bold' (b/n) with NFSS spec.:
(fontspec)             <->s*[1.000096459334209]"[latinmodern-math.otf]/OT:scrip
t=math;language=dflt;"
(fontspec)             - 'bold small caps'  (b/sc) with NFSS spec.: 
(fontspec)             and font adjustment code:
(fontspec)             \fontdimen 8\font =6.77pt\relax \fontdimen 9\font
(fontspec)             =3.94pt\relax \fontdimen 10\font =4.44pt\relax
(fontspec)             \fontdimen 11\font =6.86pt\relax \fontdimen 12\font
(fontspec)             =3.45pt\relax \fontdimen 13\font =3.63pt\relax
(fontspec)             \fontdimen 14\font =3.63pt\relax \fontdimen 15\font
(fontspec)             =2.89pt\relax \fontdimen 16\font =2.47pt\relax
(fontspec)             \fontdimen 17\font =2.47pt\relax \fontdimen 18\font
(fontspec)             =2.5pt\relax \fontdimen 19\font =2.0pt\relax \fontdimen
(fontspec)             22\font =2.5pt\relax \fontdimen 20\font =0pt\relax
(fontspec)             \fontdimen 21\font =0pt\relax 

LaTeX Font Info:    Encoding `OMS' has changed to `TU' for symbol font
(Font)              `symbols' in the math version `normal' on input line 184.
LaTeX Font Info:    Overwriting symbol font `symbols' in version `normal'
(Font)                  OMS/lmsy/m/n --> TU/latinmodern-math.otf(2)/m/n on inpu
t line 184.
LaTeX Font Info:    Encoding `OMS' has changed to `TU' for symbol font
(Font)              `symbols' in the math version `bold' on input line 184.
LaTeX Font Info:    Overwriting symbol font `symbols' in version `bold'
(Font)                  OMS/lmsy/b/n --> TU/latinmodern-math.otf(2)/b/n on inpu
t line 184.

Package fontspec Info: latinmodern-math scale = 0.9999964596882403.


Package fontspec Info: latinmodern-math scale = 0.9998964600422715.


Package fontspec Info: latinmodern-math scale = 0.9999964596882403.


Package fontspec Info: latinmodern-math scale = 0.9998964600422715.


Package fontspec Info: latinmodern-math scale = 0.9999964596882403.


Package fontspec Info: latinmodern-math scale = 0.9998964600422715.


Package fontspec Info: latinmodern-math scale = 0.9999964596882403.


Package fontspec Info: latinmodern-math scale = 0.9998964600422715.


Package fontspec Info: latinmodern-math scale = 0.9999964596882403.


Package fontspec Info: latinmodern-math scale = 0.9998964600422715.


Package fontspec Info: Font family 'latinmodern-math.otf(3)' created for font
(fontspec)             'latinmodern-math.otf' with options
(fontspec)             [Scale=MatchLowercase,BoldItalicFont={},ItalicFont={},Sm
allCapsFont={},Script=Math,SizeFeatures={{Size=8.5-},{Size=6-8.5,Font=latinmode
rn-math.otf,Style=MathScript},{Size=-6,Font=latinmodern-math.otf,Style=MathScri
ptScript}},BoldFont={latinmodern-math.otf},ScaleAgain=0.9999,FontAdjustment={\f
ontdimen
(fontspec)             8\font =0.4pt\relax \fontdimen 9\font =2.0pt\relax
(fontspec)             \fontdimen 10\font =1.67pt\relax \fontdimen 11\font
(fontspec)             =1.11pt\relax \fontdimen 12\font =6.0pt\relax
(fontspec)             \fontdimen 13\font =0pt\relax }].
(fontspec)              
(fontspec)              This font family consists of the following NFSS
(fontspec)             series/shapes:
(fontspec)              
(fontspec)             - 'normal' (m/n) with NFSS spec.:
(fontspec)             <8.5->s*[0.9998964600422715]"[latinmodern-math.otf]/OT:s
cript=math;language=dflt;"<6-8.5>s*[0.9998964600422715]"[latinmodern-math.otf]/
OT:script=math;language=dflt;+ssty=0;"<-6>s*[0.9998964600422715]"[latinmodern-m
ath.otf]/OT:script=math;language=dflt;+ssty=1;"
(fontspec)             - 'small caps'  (m/sc) with NFSS spec.: 
(fontspec)             and font adjustment code:
(fontspec)             \fontdimen 8\font =0.4pt\relax \fontdimen 9\font
(fontspec)             =2.0pt\relax \fontdimen 10\font =1.67pt\relax
(fontspec)             \fontdimen 11\font =1.11pt\relax \fontdimen 12\font
(fontspec)             =6.0pt\relax \fontdimen 13\font =0pt\relax 
(fontspec)             - 'bold' (b/n) with NFSS spec.:
(fontspec)             <->s*[0.9998964600422715]"[latinmodern-math.otf]/OT:scri
pt=math;language=dflt;"
(fontspec)             - 'bold small caps'  (b/sc) with NFSS spec.: 
(fontspec)             and font adjustment code:
(fontspec)             \fontdimen 8\font =0.4pt\relax \fontdimen 9\font
(fontspec)             =2.0pt\relax \fontdimen 10\font =1.67pt\relax
(fontspec)             \fontdimen 11\font =1.11pt\relax \fontdimen 12\font
(fontspec)             =6.0pt\relax \fontdimen 13\font =0pt\relax 

LaTeX Font Info:    Encoding `OMX' has changed to `TU' for symbol font
(Font)              `largesymbols' in the math version `normal' on input line 1
84.
LaTeX Font Info:    Overwriting symbol font `largesymbols' in version `normal'
(Font)                  OMX/lmex/m/n --> TU/latinmodern-math.otf(3)/m/n on inpu
t line 184.
LaTeX Font Info:    Encoding `OMX' has changed to `TU' for symbol font
(Font)              `largesymbols' in the math version `bold' on input line 184
.
LaTeX Font Info:    Overwriting symbol font `largesymbols' in version `bold'
(Font)                  OMX/lmex/m/n --> TU/latinmodern-math.otf(3)/b/n on inpu
t line 184.
LaTeX Info: Redefining \microtypecontext on input line 184.
Package microtype Info: Character protrusion enabled (level 2).
Package microtype Info: Using protrusion set `basicmath'.
Package microtype Info: No adjustment of tracking.
Package microtype Info: No adjustment of spacing.
Package microtype Info: No adjustment of kerning.

(C:\Users\ruben.fcasal\AppData\Roaming\MiKTeX\2.9\tex/latex/microtype\mt-LatinM
odernRoman.cfg
File: mt-LatinModernRoman.cfg 2021/02/21 v1.1 microtype config. file: Latin Mod
ern Roman (RS)
)
Package hyperref Info: Link coloring OFF on input line 184.
(C:\Program Files\MiKTeX 2.9\tex/latex/hyperref\nameref.sty
Package: nameref 2021-04-02 v2.47 Cross-referencing by name of section

(C:\Users\ruben.fcasal\AppData\Roaming\MiKTeX\2.9\tex/latex/refcount\refcount.s
ty
Package: refcount 2019/12/15 v3.6 Data extraction from label references (HO)
)
(C:\Users\ruben.fcasal\AppData\Roaming\MiKTeX\2.9\tex/generic/gettitlestring\ge
ttitlestring.sty
Package: gettitlestring 2019/12/15 v1.6 Cleanup title references (HO)
)
\c@section@level=\count321
)
LaTeX Info: Redefining \ref on input line 184.
LaTeX Info: Redefining \pageref on input line 184.
LaTeX Info: Redefining \nameref on input line 184.
*geometry* driver: auto-detecting
*geometry* detected driver: xetex
*geometry* verbose mode - [ preamble ] result:
* driver: xetex
* paper: a4paper
* layout: <same size as paper>
* layoutoffset:(h,v)=(0.0pt,0.0pt)
* modes: twoside 
* h-part:(L,W,R)=(85.35826pt, 441.01773pt, 71.13188pt)
* v-part:(T,H,B)=(92.47145pt, 681.44351pt, 71.13188pt)
* \paperwidth=597.50787pt
* \paperheight=845.04684pt
* \textwidth=441.01773pt
* \textheight=681.44351pt
* \oddsidemargin=13.08827pt
* \evensidemargin=-1.1381pt
* \topmargin=-9.86603pt
* \headheight=12.0pt
* \headsep=18.06749pt
* \topskip=10.0pt
* \footskip=25.29494pt
* \marginparwidth=125.0pt
* \marginparsep=7.0pt
* \columnsep=10.0pt
* \skip\footins=9.0pt plus 4.0pt minus 2.0pt
* \hoffset=0.0pt
* \voffset=0.0pt
* \mag=1000
* \@twocolumnfalse
* \@twosidetrue
* \@mparswitchtrue
* \@reversemarginfalse
* (1in=72.27pt=25.4mm, 1cm=28.453pt)

LaTeX Info: Redefining \rmfamily on input line 184.
LaTeX Info: Redefining \sffamily on input line 184.
LaTeX Info: Redefining \ttfamily on input line 184.
LaTeX Font Info:    Font shape `TU/latinmodern-math.otf(1)/m/n' will be
(Font)              scaled to size 12.0pt on input line 186.
LaTeX Font Info:    Font shape `TU/latinmodern-math.otf(1)/m/n' will be
(Font)              scaled to size 8.0pt on input line 186.
LaTeX Font Info:    Font shape `TU/latinmodern-math.otf(1)/m/n' will be
(Font)              scaled to size 6.0pt on input line 186.
LaTeX Font Info:    Trying to load font information for OML+lmm on input line 1
86.
(C:\Program Files\MiKTeX 2.9\tex/latex/lm\omllmm.fd
File: omllmm.fd 2009/10/30 v1.6 Font defs for Latin Modern
)
LaTeX Font Info:    Font shape `TU/latinmodern-math.otf(2)/m/n' will be
(Font)              scaled to size 12.0011pt on input line 186.
LaTeX Font Info:    Font shape `TU/latinmodern-math.otf(2)/m/n' will be
(Font)              scaled to size 8.00073pt on input line 186.
LaTeX Font Info:    Font shape `TU/latinmodern-math.otf(2)/m/n' will be
(Font)              scaled to size 6.00055pt on input line 186.
LaTeX Font Info:    Font shape `TU/latinmodern-math.otf(3)/m/n' will be
(Font)              scaled to size 11.99872pt on input line 186.
LaTeX Font Info:    Font shape `TU/latinmodern-math.otf(3)/m/n' will be
(Font)              scaled to size 7.99915pt on input line 186.
LaTeX Font Info:    Font shape `TU/latinmodern-math.otf(3)/m/n' will be
(Font)              scaled to size 5.99936pt on input line 186.
LaTeX Font Info:    Trying to load font information for U+msa on input line 186
.
(C:\Program Files\MiKTeX 2.9\tex/latex/amsfonts\umsa.fd
File: umsa.fd 2013/01/14 v3.01 AMS symbols A
)
(C:\Users\ruben.fcasal\AppData\Roaming\MiKTeX\2.9\tex/latex/microtype\mt-msa.cf
g
File: mt-msa.cfg 2006/02/04 v1.1 microtype config. file: AMS symbols (a) (RS)
)
LaTeX Font Info:    Trying to load font information for U+msb on input line 186
.
(C:\Program Files\MiKTeX 2.9\tex/latex/amsfonts\umsb.fd
File: umsb.fd 2013/01/14 v3.01 AMS symbols B
)
(C:\Users\ruben.fcasal\AppData\Roaming\MiKTeX\2.9\tex/latex/microtype\mt-msb.cf
g
File: mt-msb.cfg 2005/06/01 v1.0 microtype config. file: AMS symbols (b) (RS)
) [1


] [2

] (estadistica_espacial.toc
LaTeX Info: Redefining \rmfamily on input line 1.
LaTeX Info: Redefining \sffamily on input line 1.
LaTeX Info: Redefining \ttfamily on input line 1.
LaTeX Font Info:    Font shape `TU/latinmodern-math.otf(1)/m/n' will be
(Font)              scaled to size 7.0pt on input line 4.
LaTeX Font Info:    Font shape `TU/latinmodern-math.otf(1)/m/n' will be
(Font)              scaled to size 5.0pt on input line 4.
LaTeX Font Info:    Font shape `TU/latinmodern-math.otf(2)/m/n' will be
(Font)              scaled to size 10.00092pt on input line 4.
LaTeX Font Info:    Font shape `TU/latinmodern-math.otf(2)/m/n' will be
(Font)              scaled to size 7.00064pt on input line 4.
LaTeX Font Info:    Font shape `TU/latinmodern-math.otf(2)/m/n' will be
(Font)              scaled to size 5.00046pt on input line 4.
LaTeX Font Info:    Font shape `TU/latinmodern-math.otf(3)/m/n' will be
(Font)              scaled to size 9.99893pt on input line 4.
LaTeX Font Info:    Font shape `TU/latinmodern-math.otf(3)/m/n' will be
(Font)              scaled to size 6.99925pt on input line 4.
LaTeX Font Info:    Font shape `TU/latinmodern-math.otf(3)/m/n' will be
(Font)              scaled to size 4.99947pt on input line 4.
)
\tf@toc=\write4
\openout4 = `estadistica_espacial.toc'.

[3] [4

] [5]
File: images/by-nc-nd-88x31.png Graphic file (type bmp)
<images/by-nc-nd-88x31.png>
[6]
Capítulo 1.
[7

]
File: 01-introduccion_files/figure-latex/aquifer-1.pdf Graphic file (type pdf)
<use 01-introduccion_files/figure-latex/aquifer-1.pdf>
File: 01-introduccion_files/figure-latex/mortalidad-1.pdf Graphic file (type pd
f)
<use 01-introduccion_files/figure-latex/mortalidad-1.pdf>
File: 01-introduccion_files/figure-latex/cholera-1.pdf Graphic file (type pdf)
<use 01-introduccion_files/figure-latex/cholera-1.pdf>

Underfull \vbox (badness 2269) has occurred while \output is active []

[8] [9] [10]
LaTeX Font Info:    Font shape `TU/latinmodern-math.otf(1)/b/n' will be
(Font)              scaled to size 10.0pt on input line 424.
LaTeX Font Info:    Font shape `TU/latinmodern-math.otf(1)/b/n' will be
(Font)              scaled to size 7.0pt on input line 424.
LaTeX Font Info:    Font shape `TU/latinmodern-math.otf(1)/b/n' will be
(Font)              scaled to size 5.0pt on input line 424.
LaTeX Font Info:    Font shape `TU/latinmodern-math.otf(2)/b/n' will be
(Font)              scaled to size 10.00092pt on input line 424.
LaTeX Font Info:    Font shape `TU/latinmodern-math.otf(2)/b/n' will be
(Font)              scaled to size 7.00064pt on input line 424.
LaTeX Font Info:    Font shape `TU/latinmodern-math.otf(2)/b/n' will be
(Font)              scaled to size 5.00046pt on input line 424.
LaTeX Font Info:    Font shape `TU/latinmodern-math.otf(3)/b/n' will be
(Font)              scaled to size 9.99893pt on input line 424.
LaTeX Font Info:    Font shape `TU/latinmodern-math.otf(3)/b/n' will be
(Font)              scaled to size 6.99925pt on input line 424.
LaTeX Font Info:    Font shape `TU/latinmodern-math.otf(3)/b/n' will be
(Font)              scaled to size 4.99947pt on input line 424.
[11] [12] [13]
File: 01-introduccion_files/figure-latex/var-gen-1.pdf Graphic file (type pdf)
<use 01-introduccion_files/figure-latex/var-gen-1.pdf>
[14] [15] [16] [17] [18

]
Capítulo 2.
[19] [20]
Overfull \hbox (20.98227pt too wide) in paragraph at lines 864--864
[]\TU/lmtt/m/n/10 ##  - attr(*, "agr")= Factor w/ 3 levels "constant","aggregat
e",..: NA NA NA NA NA NA NA[] 
 []

[21]
Overfull \hbox (4.16786pt too wide) in alignment at lines 949--953
 [] [] [] 
 []


Overfull \hbox (21.59773pt too wide) in paragraph at lines 955--956
\TU/lmtt/m/n/10 st_multilinestring()|  
 []


Overfull \hbox (5.84773pt too wide) in paragraph at lines 956--957
\TU/lmtt/m/n/10 st_multipolygon()|  
 []


Overfull \hbox (11.09773pt too wide) in paragraph at lines 957--957
[]|\TU/lmtt/m/n/10 GEOMETRYCOLLECTION|  
 []


Overfull \hbox (37.34773pt too wide) in paragraph at lines 957--958
[]|\TU/lmtt/m/n/10 st_geometrycollection()|  
 []


Overfull \hbox (4.16786pt too wide) in alignment at lines 953--959
 [] [] [] 
 []

[22]
Overfull \hbox (2456.98227pt too wide) in paragraph at lines 971--971
[]\TU/lmtt/m/n/10 ## MULTIPOLYGON (((-81.47276 36.23436, -81.54084 36.27251, -8
1.56198 36.27359, -81.63306 36.34069, -81.74107 36.39178, -81.69828 36.47178, -
81.7028 36.51934, -81.67 36.58965, -81.3453 36.57286, -81.34754 36.53791, -81.3
2478 36.51368, -81.31332 36.4807, -81.26624 36.43721, -81.26284 36.40504, -81.2
4069 36.37942, -81.23989 36.36536, -81.26424 36.35241, -81.32899 36.3635, -81.3
6137 36.35316, -81.36569 36.33905, -81.35413 36.29972, -81.36745 36.2787, -81.4
0639 36.28505, -81.41233 36.26729, -81.43104 36.26072, -81.45289 36.23959, -81.
47276 36.23436)))[] 
 []

[23]
File: 02-datos_files/figure-latex/meuse-sf-1.pdf Graphic file (type pdf)
<use 02-datos_files/figure-latex/meuse-sf-1.pdf>
[24]
File: images/Latitud_y_Longitud.png Graphic file (type bmp)
<images/Latitud_y_Longitud.png>
[25] [26]
Underfull \hbox (badness 3428) in paragraph at lines 1220--1222
[]\TU/lmtt/m/n/10 inner_join()\TU/lmr/m/n/10 , \TU/lmtt/m/n/10 left_join()\TU/l
mr/m/n/10 , \TU/lmtt/m/n/10 right_join()\TU/lmr/m/n/10 , \TU/lmtt/m/n/10 full_j
oin()\TU/lmr/m/n/10 , \TU/lmtt/m/n/10 semi_join()\TU/lmr/m/n/10 , \TU/lmtt/m/n/
10 anti_join()\TU/lmr/m/n/10 ,
 []

File: 02-datos_files/figure-latex/dplyr-ggplot-1.pdf Graphic file (type pdf)
<use 02-datos_files/figure-latex/dplyr-ggplot-1.pdf>
[27] [28]
File: 02-datos_files/figure-latex/multi-plot-sf-1.pdf Graphic file (type pdf)
<use 02-datos_files/figure-latex/multi-plot-sf-1.pdf>
File: 02-datos_files/figure-latex/tmap-plot-1.pdf Graphic file (type pdf)
<use 02-datos_files/figure-latex/tmap-plot-1.pdf>
[29]
Overfull \hbox (15.73227pt too wide) in paragraph at lines 1450--1450
[]\TU/lmtt/m/n/10 ##   []C:\Program Files\R\R-4.1.1\library\sf\shape\nc.shp[] u
sing driver []ESRI Shapefile[][] 
 []

[30]
Overfull \hbox (251.98227pt too wide) in paragraph at lines 1471--1471
[]\TU/lmtt/m/n/10 ##  $ long_name: chr  "Esri Compact Cache" "Flexible Image Tr
ansport System" "PCIDSK Database File" "Network Common Data Format" ...[] 
 []


Package hyperref Warning: Suppressing link with empty target on input line 1482
.


LaTeX Warning: Reference `fig:osmdata' on page 31 undefined on input line 1522.


File: images/osmdata-1.png Graphic file (type bmp)
<images/osmdata-1.png>
[31]
Overfull \hbox (5.37227pt too wide) in paragraph at lines 1571--1572
[]\TU/lmtt/m/n/10 st_make_grid(x, cellsize, offset, n, what = c("polygons", "co
rners", "centers"))\TU/lmr/m/n/10 :
 []

[32]
File: 02-datos_files/figure-latex/transform-1.pdf Graphic file (type pdf)
<use 02-datos_files/figure-latex/transform-1.pdf>
[33]
File: 02-datos_files/figure-latex/hist-aquifer-1.pdf Graphic file (type pdf)
<use 02-datos_files/figure-latex/hist-aquifer-1.pdf>
File: 02-datos_files/figure-latex/plot-aquifer-1.pdf Graphic file (type pdf)
<use 02-datos_files/figure-latex/plot-aquifer-1.pdf>
File: 02-datos_files/figure-latex/scattersplot-1.pdf Graphic file (type pdf)
<use 02-datos_files/figure-latex/scattersplot-1.pdf>
[34] [35] [36]
Capítulo 3.
[37

] [38]
File: 03-modelado_files/figure-latex/vario-rvario-1.pdf Graphic file (type pdf)

<use 03-modelado_files/figure-latex/vario-rvario-1.pdf>

Underfull \vbox (badness 10000) has occurred while \output is active []

[39]
File: 03-modelado_files/figure-latex/unnamed-chunk-4-1.pdf Graphic file (type p
df)
<use 03-modelado_files/figure-latex/unnamed-chunk-4-1.pdf>
File: 03-modelado_files/figure-latex/unnamed-chunk-5-1.pdf Graphic file (type p
df)
<use 03-modelado_files/figure-latex/unnamed-chunk-5-1.pdf>

Underfull \vbox (badness 10000) has occurred while \output is active []

[40]
File: 03-modelado_files/figure-latex/unnamed-chunk-6-1.pdf Graphic file (type p
df)
<use 03-modelado_files/figure-latex/unnamed-chunk-6-1.pdf>

Underfull \vbox (badness 10000) has occurred while \output is active []

[41] [42] [43]
File: 03-modelado_files/figure-latex/show-vgms-1.pdf Graphic file (type pdf)
<use 03-modelado_files/figure-latex/show-vgms-1.pdf>
File: 03-modelado_files/figure-latex/show-matern-1.pdf Graphic file (type pdf)
<use 03-modelado_files/figure-latex/show-matern-1.pdf>
File: 03-modelado_files/figure-latex/vgm-exp-1.pdf Graphic file (type pdf)
<use 03-modelado_files/figure-latex/vgm-exp-1.pdf>
[44] [45] [46]
LaTeX Font Info:    Font shape `TU/lmtt/bx/n' in size <10> not available
(Font)              Font shape `TU/lmtt/b/n' tried instead on input line 2334.
File: 03-modelado_files/figure-latex/unnamed-chunk-9-1.pdf Graphic file (type p
df)
<use 03-modelado_files/figure-latex/unnamed-chunk-9-1.pdf>
[47]
File: 03-modelado_files/figure-latex/unnamed-chunk-10-1.pdf Graphic file (type 
pdf)
<use 03-modelado_files/figure-latex/unnamed-chunk-10-1.pdf>

Underfull \vbox (badness 3735) has occurred while \output is active []

[48] [49] [50

]
Capítulo 4.
[51] [52]
Capítulo 5.
[53

] [54

]
Capítulo 6.
[55] [56

]
Apéndice A.
[57]

LaTeX Font Warning: Font shape `TU/lmtt/bx/it' in size <10> not available
(Font)              Font shape `TU/lmtt/b/sl' tried instead on input line 2632.


[58]
Overfull \hbox (26.23227pt too wide) in paragraph at lines 2715--2715
[]\TU/lmtt/m/n/10 ##  $ id       : Factor w/ 31 levels "A1","A2","B1",..: 17 17
 19 19 19 21 21 23 23 23 ...[] 
 []

File: 11-sp_files/figure-latex/unnamed-chunk-6-1.pdf Graphic file (type pdf)
<use 11-sp_files/figure-latex/unnamed-chunk-6-1.pdf>
[59]
Overfull \hbox (377.98227pt too wide) in paragraph at lines 2762--2762
[]\TU/lmtt/m/n/10 ##   .. .. ..$ comment: chr "GEOGCRS[\"unknown\",\n    DATUM[
\"Unknown based on WGS84 ellipsoid\",\n        ELLIPSOID[\"WGS 84\",6378137,298
"| __truncated__[] 
 []

File: 11-sp_files/figure-latex/unnamed-chunk-7-1.pdf Graphic file (type pdf)
<use 11-sp_files/figure-latex/unnamed-chunk-7-1.pdf>

Overfull \hbox (57.73227pt too wide) in paragraph at lines 2812--2812
[]\TU/lmtt/m/n/10 ##   .. ..$ id       : Factor w/ 31 levels "A1","A2","B1",..:
 17 17 19 19 19 21 21 23 23 23 ...[] 
 []

[60]
Overfull \hbox (377.98227pt too wide) in paragraph at lines 2812--2812
[]\TU/lmtt/m/n/10 ##   .. .. ..$ comment: chr "GEOGCRS[\"unknown\",\n    DATUM[
\"Unknown based on WGS84 ellipsoid\",\n        ELLIPSOID[\"WGS 84\",6378137,298
"| __truncated__[] 
 []


Overfull \hbox (57.73227pt too wide) in paragraph at lines 2851--2851
[]\TU/lmtt/m/n/10 ##   .. ..$ id       : Factor w/ 31 levels "A1","A2","B1",..:
 17 17 19 19 19 21 21 23 23 23 ...[] 
 []


Overfull \hbox (377.98227pt too wide) in paragraph at lines 2851--2851
[]\TU/lmtt/m/n/10 ##   .. .. ..$ comment: chr "GEOGCRS[\"unknown\",\n    DATUM[
\"Unknown based on WGS84 ellipsoid\",\n        ELLIPSOID[\"WGS 84\",6378137,298
"| __truncated__[] 
 []

[61]
File: 11-sp_files/figure-latex/unnamed-chunk-10-1.pdf Graphic file (type pdf)
<use 11-sp_files/figure-latex/unnamed-chunk-10-1.pdf>
[62]
File: 11-sp_files/figure-latex/unnamed-chunk-11-1.pdf Graphic file (type pdf)
<use 11-sp_files/figure-latex/unnamed-chunk-11-1.pdf>
File: 11-sp_files/figure-latex/unnamed-chunk-11-2.pdf Graphic file (type pdf)
<use 11-sp_files/figure-latex/unnamed-chunk-11-2.pdf>

Underfull \vbox (badness 10000) has occurred while \output is active []

[63]
File: 11-sp_files/figure-latex/unnamed-chunk-11-3.pdf Graphic file (type pdf)
<use 11-sp_files/figure-latex/unnamed-chunk-11-3.pdf>
[64]
File: 11-sp_files/figure-latex/unnamed-chunk-12-1.pdf Graphic file (type pdf)
<use 11-sp_files/figure-latex/unnamed-chunk-12-1.pdf>

Underfull \vbox (badness 1953) has occurred while \output is active []

[65] [66]
File: 11-sp_files/figure-latex/unnamed-chunk-13-1.pdf Graphic file (type pdf)
<use 11-sp_files/figure-latex/unnamed-chunk-13-1.pdf>
File: 11-sp_files/figure-latex/unnamed-chunk-14-1.pdf Graphic file (type pdf)
<use 11-sp_files/figure-latex/unnamed-chunk-14-1.pdf>

Underfull \vbox (badness 10000) has occurred while \output is active []

[67]
File: 11-sp_files/figure-latex/unnamed-chunk-15-1.pdf Graphic file (type pdf)
<use 11-sp_files/figure-latex/unnamed-chunk-15-1.pdf>
[68]
Overfull \hbox (377.98227pt too wide) in paragraph at lines 3246--3246
[]\TU/lmtt/m/n/10 ##   .. .. ..$ comment: chr "GEOGCRS[\"unknown\",\n    DATUM[
\"World Geodetic System 1984\",\n        ELLIPSOID[\"WGS 84\",6378137,298.25722
"| __truncated__[] 
 []

File: 11-sp_files/figure-latex/unnamed-chunk-16-1.pdf Graphic file (type pdf)
<use 11-sp_files/figure-latex/unnamed-chunk-16-1.pdf>

Underfull \vbox (badness 10000) has occurred while \output is active []

[69]
Overfull \hbox (377.98227pt too wide) in paragraph at lines 3288--3288
[]\TU/lmtt/m/n/10 ##   .. .. ..$ comment: chr "GEOGCRS[\"unknown\",\n    DATUM[
\"World Geodetic System 1984\",\n        ELLIPSOID[\"WGS 84\",6378137,298.25722
"| __truncated__[] 
 []

File: 11-sp_files/figure-latex/unnamed-chunk-17-1.pdf Graphic file (type pdf)
<use 11-sp_files/figure-latex/unnamed-chunk-17-1.pdf>

Underfull \vbox (badness 10000) has occurred while \output is active []

[70]
Overfull \hbox (1.9756pt too wide) in paragraph at lines 3340--3340
[]|\TU/lmtt/m/n/10 coordinates|  
 []

[71]
File: 11-sp_files/figure-latex/unnamed-chunk-18-1.pdf Graphic file (type pdf)
<use 11-sp_files/figure-latex/unnamed-chunk-18-1.pdf>
File: 11-sp_files/figure-latex/unnamed-chunk-19-1.pdf Graphic file (type pdf)
<use 11-sp_files/figure-latex/unnamed-chunk-19-1.pdf>

Underfull \vbox (badness 10000) has occurred while \output is active []

[72]
File: 11-sp_files/figure-latex/unnamed-chunk-20-1.pdf Graphic file (type pdf)
<use 11-sp_files/figure-latex/unnamed-chunk-20-1.pdf>

Underfull \vbox (badness 1888) has occurred while \output is active []

[73]
File: 11-sp_files/figure-latex/unnamed-chunk-21-1.pdf Graphic file (type pdf)
<use 11-sp_files/figure-latex/unnamed-chunk-21-1.pdf>
File: 11-sp_files/figure-latex/unnamed-chunk-22-1.pdf Graphic file (type pdf)
<use 11-sp_files/figure-latex/unnamed-chunk-22-1.pdf>

Underfull \vbox (badness 10000) has occurred while \output is active []

[74]
File: 11-sp_files/figure-latex/unnamed-chunk-22-2.pdf Graphic file (type pdf)
<use 11-sp_files/figure-latex/unnamed-chunk-22-2.pdf>
File: 11-sp_files/figure-latex/unnamed-chunk-23-1.pdf Graphic file (type pdf)
<use 11-sp_files/figure-latex/unnamed-chunk-23-1.pdf>

Underfull \vbox (badness 10000) has occurred while \output is active []

[75] [76]
Apéndice B.
[77

]
File: 12-geor_files/figure-latex/plot-geo1-1.pdf Graphic file (type pdf)
<use 12-geor_files/figure-latex/plot-geo1-1.pdf>

Underfull \vbox (badness 10000) has occurred while \output is active []

[78]
File: 12-geor_files/figure-latex/plot-geo2-1.pdf Graphic file (type pdf)
<use 12-geor_files/figure-latex/plot-geo2-1.pdf>

Underfull \vbox (badness 10000) has occurred while \output is active []

[79]
File: 12-geor_files/figure-latex/plot-geo3-1.pdf Graphic file (type pdf)
<use 12-geor_files/figure-latex/plot-geo3-1.pdf>

Underfull \vbox (badness 10000) has occurred while \output is active []

[80]
File: 12-geor_files/figure-latex/unnamed-chunk-7-1.pdf Graphic file (type pdf)
<use 12-geor_files/figure-latex/unnamed-chunk-7-1.pdf>

Underfull \vbox (badness 10000) has occurred while \output is active []

[81]
File: 12-geor_files/figure-latex/unnamed-chunk-8-1.pdf Graphic file (type pdf)
<use 12-geor_files/figure-latex/unnamed-chunk-8-1.pdf>
[82]
File: 12-geor_files/figure-latex/plot-s100-1.pdf Graphic file (type pdf)
<use 12-geor_files/figure-latex/plot-s100-1.pdf>

Underfull \vbox (badness 5431) has occurred while \output is active []

[83]
File: 12-geor_files/figure-latex/plot-variog1-1.pdf Graphic file (type pdf)
<use 12-geor_files/figure-latex/plot-variog1-1.pdf>
[84]
File: 12-geor_files/figure-latex/plot-variog2-1.pdf Graphic file (type pdf)
<use 12-geor_files/figure-latex/plot-variog2-1.pdf>
[85]
File: 12-geor_files/figure-latex/plot-variog3-1.pdf Graphic file (type pdf)
<use 12-geor_files/figure-latex/plot-variog3-1.pdf>
[86]
File: 12-geor_files/figure-latex/plot-variog4-1.pdf Graphic file (type pdf)
<use 12-geor_files/figure-latex/plot-variog4-1.pdf>
[87]
File: 12-geor_files/figure-latex/unnamed-chunk-11-1.pdf Graphic file (type pdf)

<use 12-geor_files/figure-latex/unnamed-chunk-11-1.pdf>
File: 12-geor_files/figure-latex/unnamed-chunk-12-1.pdf Graphic file (type pdf)

<use 12-geor_files/figure-latex/unnamed-chunk-12-1.pdf>

Underfull \vbox (badness 10000) has occurred while \output is active []

[88] [89] [90] [91]
Overfull \vbox (0.10646pt too high) detected at line 4300
 []

[92]
File: 12-geor_files/figure-latex/unnamed-chunk-17-1.pdf Graphic file (type pdf)

<use 12-geor_files/figure-latex/unnamed-chunk-17-1.pdf>

Overfull \hbox (15.73227pt too wide) in paragraph at lines 4345--4345
[]\TU/lmtt/m/n/10 ## variog.env: generating 99 simulations (with  100 points ea
ch) using the function grf[] 
 []

File: 12-geor_files/figure-latex/plot-variog-env-1.pdf Graphic file (type pdf)
<use 12-geor_files/figure-latex/plot-variog-env-1.pdf>

Underfull \vbox (badness 1888) has occurred while \output is active []

[93]
File: 12-geor_files/figure-latex/unnamed-chunk-18-1.pdf Graphic file (type pdf)

<use 12-geor_files/figure-latex/unnamed-chunk-18-1.pdf>
[94]
File: 12-geor_files/figure-latex/plot-variog-wolf-1.pdf Graphic file (type pdf)

<use 12-geor_files/figure-latex/plot-variog-wolf-1.pdf>
File: 12-geor_files/figure-latex/unnamed-chunk-19-1.pdf Graphic file (type pdf)

<use 12-geor_files/figure-latex/unnamed-chunk-19-1.pdf>
[95]
Underfull \hbox (badness 4303) in paragraph at lines 4490--4492
[]\TU/lmr/m/n/10 El resultado es una lista incluyendo predicciones (\TU/lmtt/m/
n/10 ko.wls$predict\TU/lmr/m/n/10 ) y varianzas kriging
 []

File: 12-geor_files/figure-latex/unnamed-chunk-22-1.pdf Graphic file (type pdf)

<use 12-geor_files/figure-latex/unnamed-chunk-22-1.pdf>

Underfull \vbox (badness 10000) has occurred while \output is active []

[96]
File: 12-geor_files/figure-latex/unnamed-chunk-22-2.pdf Graphic file (type pdf)

<use 12-geor_files/figure-latex/unnamed-chunk-22-2.pdf>

Underfull \vbox (badness 10000) has occurred while \output is active []

[97]
File: 12-geor_files/figure-latex/unnamed-chunk-23-1.pdf Graphic file (type pdf)

<use 12-geor_files/figure-latex/unnamed-chunk-23-1.pdf>
[98]
File: 12-geor_files/figure-latex/unnamed-chunk-23-2.pdf Graphic file (type pdf)

<use 12-geor_files/figure-latex/unnamed-chunk-23-2.pdf>
File: 12-geor_files/figure-latex/unnamed-chunk-23-3.pdf Graphic file (type pdf)

<use 12-geor_files/figure-latex/unnamed-chunk-23-3.pdf>
[99]
File: 12-geor_files/figure-latex/unnamed-chunk-23-4.pdf Graphic file (type pdf)

<use 12-geor_files/figure-latex/unnamed-chunk-23-4.pdf>

Overfull \hbox (1900.48227pt too wide) in paragraph at lines 4636--4636
[]\TU/lmtt/m/n/10 ## xvalid: performing cross-validation at location ... 1, 2, 
3, 4, 5, 6, 7, 8, 9, 10, 11, 12, 13, 14, 15, 16, 17, 18, 19, 20, 21, 22, 23, 24
, 25, 26, 27, 28, 29, 30, 31, 32, 33, 34, 35, 36, 37, 38, 39, 40, 41, 42, 43, 4
4, 45, 46, 47, 48, 49, 50, 51, 52, 53, 54, 55, 56, 57, 58, 59, 60, 61, 62, 63, 
64, 65, 66, 67, 68, 69, 70, 71, 72, 73, 74, 75, 76, 77, 78, 79, 80, 81, 82, 83,
 84, 85, 86, 87, 88, 89, 90, 91, 92, 93, 94, 95, 96, 97, 98, 99, 100,[] 
 []

[100]
Overfull \hbox (1900.48227pt too wide) in paragraph at lines 4664--4664
[]\TU/lmtt/m/n/10 ## xvalid: performing cross-validation at location ... 1, 2, 
3, 4, 5, 6, 7, 8, 9, 10, 11, 12, 13, 14, 15, 16, 17, 18, 19, 20, 21, 22, 23, 24
, 25, 26, 27, 28, 29, 30, 31, 32, 33, 34, 35, 36, 37, 38, 39, 40, 41, 42, 43, 4
4, 45, 46, 47, 48, 49, 50, 51, 52, 53, 54, 55, 56, 57, 58, 59, 60, 61, 62, 63, 
64, 65, 66, 67, 68, 69, 70, 71, 72, 73, 74, 75, 76, 77, 78, 79, 80, 81, 82, 83,
 84, 85, 86, 87, 88, 89, 90, 91, 92, 93, 94, 95, 96, 97, 98, 99, 100,[] 
 []

File: 12-geor_files/figure-latex/plot-xvalid-1.pdf Graphic file (type pdf)
<use 12-geor_files/figure-latex/plot-xvalid-1.pdf>
[101] [102

]
The property list \polyglossia@langsetup contains the pairs (without outer
braces):
>  {latex/script}  =>  {latin}
>  {latex/lcscript}  =>  {latin}
>  {latex/scripttag}  =>  {}
>  {latex/language}  =>  {Latex}
>  {latex/langtag}  =>  {ENG}
>  {latex/bcp47}  =>  {}
>  {latex/hyphennames}  =>  {english}
>  {latex/direction}  =>  {LR}
>  {latex/hyphenmins}  =>  {2,3}
>  {latex/frenchspacing}  =>  {false}
>  {latex/indentfirst}  =>  {false}
>  {latex/fontsetup}  =>  {true}
>  {latex/envname}  =>  {latex}
>  {latex/babelname}  =>  {latex}
>  {latex/localnumeral}  =>  {polyglossia@C@localnumeral}
>  {latex/Localnumeral}  =>  {polyglossia@C@localnumeral}
>  {spanish/script}  =>  {latin}
>  {spanish/lcscript}  =>  {latin}
>  {spanish/scripttag}  =>  {}
>  {spanish/language}  =>  {Spanish}
>  {spanish/langtag}  =>  {ESP}
>  {spanish/bcp47}  =>  {es-ES}
>  {spanish/hyphennames}  =>  {spanish}
>  {spanish/direction}  =>  {LR}
>  {spanish/hyphenmins}  =>  {2,2}
>  {spanish/frenchspacing}  =>  {true}
>  {spanish/indentfirst}  =>  {true}
>  {spanish/fontsetup}  =>  {true}
>  {spanish/envname}  =>  {spanish}
>  {spanish/babelname}  =>  {spanish}
>  {spanish/localnumeral}  =>  {polyglossia@C@localnumeral}
>  {spanish/Localnumeral}  =>  {polyglossia@C@localnumeral}
>  {spanish/totalhyphenmin}  =>  {5}.
[103] (estadistica_espacial.aux
LaTeX Info: Redefining \rmfamily on input line 19.
LaTeX Info: Redefining \sffamily on input line 19.
LaTeX Info: Redefining \ttfamily on input line 19.
)

LaTeX Warning: There were undefined references.

 ) 
Here is how much of TeX's memory you used:
 20355 strings out of 411303
 380401 string characters out of 2835272
 886358 words of memory out of 3000000
 40372 multiletter control sequences out of 15000+600000
 411462 words of font info for 105 fonts, out of 8000000 for 9000
 1348 hyphenation exceptions out of 8191
 87i,13n,120p,1926b,573s stack positions out of 5000i,500n,10000p,200000b,80000s

Output written on estadistica_espacial.pdf (103 pages).
